info it worked if it ends with ok
verbose cli [ 'node', '/usr/local/bin/npm', 'install' ]
info using npm@1.1.0-alpha-6
info using node@v0.6.5
verbose config file /home/robashton/.npmrc
verbose config file /usr/local/etc/npmrc
verbose config file /usr/local/lib/node_modules/npm/npmrc
ERR! Couldn't read dependencies.
ERR! Failed to parse json
ERR! Unexpected string
ERR! File: /home/robashton/files/src/molyjam1/package.json
ERR! JSON.parse Failed to parse package.json data.
ERR! JSON.parse package.json must be actual JSON, not just JavaScript.
ERR! JSON.parse This is not a bug in npm.
ERR! JSON.parse Tell the package author to fix their package.json file.
ERR! 
ERR! System Linux 3.0.0-16-generic
ERR! command "node" "/usr/local/bin/npm" "install"
ERR! cwd /home/robashton/files/src/molyjam1
ERR! node -v v0.6.5
ERR! npm -v 1.1.0-alpha-6
ERR! file /home/robashton/files/src/molyjam1/package.json
ERR! code EJSONPARSE
ERR! message Failed to parse json
ERR! message Unexpected string
verbose exit [ 1, true ]
